Build started 27.06.2016 15:23:40.
     1>Project "C:\Temp\Laba4\sln\sample_sort\sample_sort.vcxproj" on node 2 (Build target(s)).
     1>ClCompile:
         C:\Program Files (x86)\Microsoft Visual Studio 11.0\VC\bin\CL.exe /c /I..\..\include /I..\..\src /Zi /nologo /W3 /WX- /sdl /O2 /Oi /Oy- /GL /D _MBCS /Gm- /EHsc /MD /GS /Gy /Zc:wchar_t /Zc:forScope /Fo"Release\\" /Fd"Release\vc110.pdb" /Gd /TP /analyze- /errorReport:prompt ..\..\samples\heapsort.cpp
         heapsort.cpp
     1>..\..\samples\heapsort.cpp(16): warning C4244: 'argument' : conversion from 'time_t' to 'unsigned int', possible loss of data
     1>..\..\samples\heapsort.cpp(19): warning C4244: '=' : conversion from 'float' to 'int', possible loss of data
     1>..\..\samples\heapsort.cpp(20): warning C4244: 'argument' : conversion from 'int' to 'float', possible loss of data
     1>c:\temp\laba4\include\d_heap.h(242): warning C4244: '+=' : conversion from 'double' to 'int', possible loss of data
                 c:\temp\laba4\include\d_heap.h(238) : while compiling class template member function 'void DHeap<HType>::vyvod(void)'
                 with
                 [
                     HType=float
                 ]
                 ..\..\samples\heapsort.cpp(24) : see reference to function template instantiation 'void DHeap<HType>::vyvod(void)' being compiled
                 with
                 [
                     HType=float
                 ]
                 ..\..\samples\heapsort.cpp(11) : see reference to class template instantiation 'DHeap<HType>' being compiled
                 with
                 [
                     HType=float
                 ]
     1>c:\temp\laba4\include\d_heap.h(254): warning C4244: '+=' : conversion from 'double' to 'int', possible loss of data
       Link:
         C:\Program Files (x86)\Microsoft Visual Studio 11.0\VC\bin\link.exe /ERRORREPORT:PROMPT /OUT:"C:\Temp\Laba4\sln\Release\sample_sort.exe" /NOLOGO kernel32.lib user32.lib gdi32.lib winspool.lib comdlg32.lib advapi32.lib shell32.lib ole32.lib oleaut32.lib uuid.lib odbc32.lib odbccp32.lib /MANIFEST /MANIFESTUAC:"level='asInvoker' uiAccess='false'" /manifest:embed /DEBUG /PDB:"C:\Temp\Laba4\sln\Release\sample_sort.pdb" /SUBSYSTEM:CONSOLE /OPT:REF /OPT:ICF /LTCG /TLBID:1 /DYNAMICBASE /NXCOMPAT /IMPLIB:"C:\Temp\Laba4\sln\Release\sample_sort.lib" /MACHINE:X86 /SAFESEH Release\heapsort.obj
         Generating code
         Finished generating code
         sample_sort.vcxproj -> C:\Temp\Laba4\sln\Release\sample_sort.exe
     1>Done Building Project "C:\Temp\Laba4\sln\sample_sort\sample_sort.vcxproj" (Build target(s)).

Build succeeded.

Time Elapsed 00:00:01.01
