Build started 27.06.2016 15:24:36.
     1>Project "C:\Temp\Laba4\sln\sample_kruskal\sample_kruskal.vcxproj" on node 2 (Build target(s)).
     1>ClCompile:
         C:\Program Files (x86)\Microsoft Visual Studio 11.0\VC\bin\CL.exe /c /I..\..\include /I..\..\src /Zi /nologo /W3 /WX- /sdl /O2 /Oi /Oy- /GL /D _MBCS /D _CRT_SECURE_NO_WARNINGS /D _MBCS /Gm- /EHsc /MD /GS /Gy /Zc:wchar_t /Zc:forScope /Fo"Release\\" /Fd"Release\vc110.pdb" /Gd /TP /analyze- /errorReport:prompt ..\..\samples\kruskal.cpp
         kruskal.cpp
     1>..\..\samples\kruskal.cpp(10): warning C4101: 'myfile' : unreferenced local variable
     1>c:\temp\laba4\include\graphs.h(122): warning C4244: 'argument' : conversion from 'time_t' to 'unsigned int', possible loss of data
                 c:\temp\laba4\include\graphs.h(116) : while compiling class template member function 'void Graph<HType>::createGraph(HType,HType)'
                 with
                 [
                     HType=typ
                 ]
                 ..\..\samples\kruskal.cpp(38) : see reference to function template instantiation 'void Graph<HType>::createGraph(HType,HType)' being compiled
                 with
                 [
                     HType=typ
                 ]
                 ..\..\samples\kruskal.cpp(25) : see reference to class template instantiation 'Graph<HType>' being compiled
                 with
                 [
                     HType=typ
                 ]
     1>c:\temp\laba4\include\priority_queue.h(122): warning C4373: 'TQueue<TType>::push': virtual function overrides 'PQueue<TType>::push', previous versions of the compiler did not override when parameters only differed by const/volatile qualifiers
                 with
                 [
                     TType=typ
                 ]
                 c:\temp\laba4\include\priority_queue.h(15) : see declaration of 'PQueue<TType>::push'
                 with
                 [
                     TType=typ
                 ]
                 c:\temp\laba4\include\priority_queue.h(204) : see reference to class template instantiation 'TQueue<TType>' being compiled
                 with
                 [
                     TType=typ
                 ]
                 c:\temp\laba4\include\priority_queue.h(191) : while compiling class template member function 'bool make_queue<TType>::makeQueue(PQueue<TType> *&,const int,const int)'
                 with
                 [
                     TType=typ
                 ]
                 ..\..\samples\kruskal.cpp(73) : see reference to function template instantiation 'bool make_queue<TType>::makeQueue(PQueue<TType> *&,const int,const int)' being compiled
                 with
                 [
                     TType=typ
                 ]
                 ..\..\samples\kruskal.cpp(73) : see reference to class template instantiation 'make_queue<TType>' being compiled
                 with
                 [
                     TType=typ
                 ]
       Link:
         C:\Program Files (x86)\Microsoft Visual Studio 11.0\VC\bin\link.exe /ERRORREPORT:PROMPT /OUT:"C:\Temp\Laba4\sln\Release\sample_kruskal.exe" /NOLOGO kernel32.lib user32.lib gdi32.lib winspool.lib comdlg32.lib advapi32.lib shell32.lib ole32.lib oleaut32.lib uuid.lib odbc32.lib odbccp32.lib /MANIFEST /MANIFESTUAC:"level='asInvoker' uiAccess='false'" /manifest:embed /DEBUG /PDB:"C:\Temp\Laba4\sln\Release\sample_kruskal.pdb" /SUBSYSTEM:CONSOLE /OPT:REF /OPT:ICF /LTCG /TLBID:1 /DYNAMICBASE /NXCOMPAT /IMPLIB:"C:\Temp\Laba4\sln\Release\sample_kruskal.lib" /MACHINE:X86 /SAFESEH Release\kruskal.obj
         Generating code
         Finished generating code
         sample_kruskal.vcxproj -> C:\Temp\Laba4\sln\Release\sample_kruskal.exe
     1>Done Building Project "C:\Temp\Laba4\sln\sample_kruskal\sample_kruskal.vcxproj" (Build target(s)).

Build succeeded.

Time Elapsed 00:00:01.02
